<?xml version="1.0" encoding="UTF-8"?>
<!-- Generated by org.testng.reporters.JUnitReportReporter -->
<testsuite hostname="Vikram" failures="0" tests="4" name="com.sellabs.wdprogram.TestNGProg2" time="0.003" errors="0" timestamp="2022-05-17T19:06:35 IST" skipped="0">
  <testcase classname="com.sellabs.wdprogram.TestNGProg2" name="B" time="0.001"/>
  <system-out/>
  <testcase classname="com.sellabs.wdprogram.TestNGProg2" name="A" time="0.000"/>
  <system-out/>
  <testcase classname="com.sellabs.wdprogram.TestNGProg2" name="C" time="0.001"/>
  <system-out/>
  <testcase classname="com.sellabs.wdprogram.TestNGProg2" name="D" time="0.001"/>
  <system-out/>
</testsuite> <!-- com.sellabs.wdprogram.TestNGProg2 -->
